<?xml version="1.0" encoding="UTF-8"?>
<!-- Generated by org.testng.reporters.JUnitXMLReporter -->
<testsuite ignored="3" hostname="ACER" failures="0" tests="1" name="Firefox Test" time="6.622" errors="0" timestamp="2026-03-25T10:17:54 IST">
  <testcase classname="testscripts.LoginTest" name="verifyUserLoginWithValidUsernameInvalidPassword" time="0.526"/>
  <testcase classname="testscripts.LoginTest" name="verifyUserLoginWithInvalidUsernameValidPassword" time="0.0">
    <ignored/>
  </testcase> <!-- verifyUserLoginWithInvalidUsernameValidPassword -->
  <testcase classname="testscripts.LoginTest" name="verifyUserLoginWithInvalidCredentials" time="0.0">
    <ignored/>
  </testcase> <!-- verifyUserLoginWithInvalidCredentials -->
  <testcase classname="testscripts.LoginTest" name="verifyUserLoginWithValidCredentials" time="0.0">
    <ignored/>
  </testcase> <!-- verifyUserLoginWithValidCredentials -->
</testsuite> <!-- Firefox Test -->
