<?xml version="1.0" encoding="UTF-8"?>
<testng-results ignored="0" total="3" passed="3" failed="0" skipped="0">
  <reporter-output>
  </reporter-output>
  <suite started-at="2026-03-31T12:02:56 IST" name="Suite" finished-at="2026-03-31T12:03:10 IST" duration-ms="13666">
    <groups>
    </groups>
    <test started-at="2026-03-31T12:02:56 IST" name="Test" finished-at="2026-03-31T12:03:10 IST" duration-ms="13666">
      <class name="testscripts.ManageNewsTest">
        <test-method is-config="true" signature="browserLaunch(java.lang.String)[pri:0, instance:testscripts.ManageNewsTest@2584b82d]" started-at="2026-03-31T12:02:56 IST" name="browserLaunch" finished-at="2026-03-31T12:02:58 IST" duration-ms="1804" status="PASS">
          <params>
            <param index="0">
              <value>
                <![CDATA[chrome]]>
              </value>
            </param>
          </params>
          <reporter-output>
          </reporter-output>
        </test-method> <!-- browserLaunch -->
        <test-method signature="VerifyWhetherUserIsAbleToAddANewNews()[pri:1, instance:testscripts.ManageNewsTest@2584b82d]" started-at="2026-03-31T12:02:58 IST" name="VerifyWhetherUserIsAbleToAddANewNews" description="Validate adding a new News" finished-at="2026-03-31T12:03:02 IST" duration-ms="4752" status="PASS">
          <reporter-output>
          </reporter-output>
        </test-method> <!-- VerifyWhetherUserIsAbleToAddANewNews -->
        <test-method is-config="true" signature="closeAndQuit(org.testng.ITestResult)[pri:0, instance:testscripts.ManageNewsTest@2584b82d]" started-at="2026-03-31T12:03:02 IST" name="closeAndQuit" finished-at="2026-03-31T12:03:03 IST" duration-ms="147" status="PASS">
          <params>
            <param index="0">
              <value>
                <![CDATA[[TestResult name=VerifyWhetherUserIsAbleToAddANewNews status=SUCCESS method=ManageNewsTest.VerifyWhetherUserIsAbleToAddANewNews()[pri:1, instance:testscripts.ManageNewsTest@2584b82d] output={null}]]]>
              </value>
            </param>
          </params>
          <reporter-output>
          </reporter-output>
        </test-method> <!-- closeAndQuit -->
        <test-method is-config="true" signature="browserLaunch(java.lang.String)[pri:0, instance:testscripts.ManageNewsTest@2584b82d]" started-at="2026-03-31T12:03:03 IST" name="browserLaunch" finished-at="2026-03-31T12:03:04 IST" duration-ms="1401" status="PASS">
          <params>
            <param index="0">
              <value>
                <![CDATA[chrome]]>
              </value>
            </param>
          </params>
          <reporter-output>
          </reporter-output>
        </test-method> <!-- browserLaunch -->
        <test-method signature="VerifyWhetherUserIsAbleToSearchForANews()[pri:2, instance:testscripts.ManageNewsTest@2584b82d]" started-at="2026-03-31T12:03:04 IST" name="VerifyWhetherUserIsAbleToSearchForANews" description="Validate searching for a News" finished-at="2026-03-31T12:03:06 IST" duration-ms="2007" status="PASS">
          <reporter-output>
          </reporter-output>
        </test-method> <!-- VerifyWhetherUserIsAbleToSearchForANews -->
        <test-method is-config="true" signature="closeAndQuit(org.testng.ITestResult)[pri:0, instance:testscripts.ManageNewsTest@2584b82d]" started-at="2026-03-31T12:03:06 IST" name="closeAndQuit" finished-at="2026-03-31T12:03:06 IST" duration-ms="148" status="PASS">
          <params>
            <param index="0">
              <value>
                <![CDATA[[TestResult name=VerifyWhetherUserIsAbleToSearchForANews status=SUCCESS method=ManageNewsTest.VerifyWhetherUserIsAbleToSearchForANews()[pri:2, instance:testscripts.ManageNewsTest@2584b82d] output={null}]]]>
              </value>
            </param>
          </params>
          <reporter-output>
          </reporter-output>
        </test-method> <!-- closeAndQuit -->
        <test-method is-config="true" signature="browserLaunch(java.lang.String)[pri:0, instance:testscripts.ManageNewsTest@2584b82d]" started-at="2026-03-31T12:03:06 IST" name="browserLaunch" finished-at="2026-03-31T12:03:08 IST" duration-ms="1636" status="PASS">
          <params>
            <param index="0">
              <value>
                <![CDATA[chrome]]>
              </value>
            </param>
          </params>
          <reporter-output>
          </reporter-output>
        </test-method> <!-- browserLaunch -->
        <test-method signature="VerifyWhetherUserIsAbleToResetTheData()[pri:3, instance:testscripts.ManageNewsTest@2584b82d]" started-at="2026-03-31T12:03:08 IST" name="VerifyWhetherUserIsAbleToResetTheData" description="Validate resetting the data in Manage News page" finished-at="2026-03-31T12:03:09 IST" duration-ms="1578" status="PASS">
          <reporter-output>
          </reporter-output>
        </test-method> <!-- VerifyWhetherUserIsAbleToResetTheData -->
        <test-method is-config="true" signature="closeAndQuit(org.testng.ITestResult)[pri:0, instance:testscripts.ManageNewsTest@2584b82d]" started-at="2026-03-31T12:03:09 IST" name="closeAndQuit" finished-at="2026-03-31T12:03:10 IST" duration-ms="148" status="PASS">
          <params>
            <param index="0">
              <value>
                <![CDATA[[TestResult name=VerifyWhetherUserIsAbleToResetTheData status=SUCCESS method=ManageNewsTest.VerifyWhetherUserIsAbleToResetTheData()[pri:3, instance:testscripts.ManageNewsTest@2584b82d] output={null}]]]>
              </value>
            </param>
          </params>
          <reporter-output>
          </reporter-output>
        </test-method> <!-- closeAndQuit -->
      </class> <!-- testscripts.ManageNewsTest -->
    </test> <!-- Test -->
  </suite> <!-- Suite -->
</testng-results>
