<?xml version="1.0" encoding="UTF-8"?>
<!-- Generated by org.testng.reporters.JUnitXMLReporter -->
<testsuite ignored="2" hostname="ACER" failures="0" tests="2" name="Test" time="11.766" errors="0" timestamp="2026-03-25T22:23:21 IST">
  <testcase classname="testscripts.LoginTest" name="verifyUserLoginWithValidCredentials" time="1.963"/>
  <testcase classname="testscripts.LoginTest" name="verifyUserLoginWithInvalidCredentials" time="0.605"/>
  <testcase classname="testscripts.LoginTest" name="verifyUserLoginWithValidUsernameInvalidPassword" time="0.0">
    <ignored/>
  </testcase> <!-- verifyUserLoginWithValidUsernameInvalidPassword -->
  <testcase classname="testscripts.LoginTest" name="verifyUserLoginWithInvalidUsernameValidPassword" time="0.0">
    <ignored/>
  </testcase> <!-- verifyUserLoginWithInvalidUsernameValidPassword -->
</testsuite> <!-- Test -->
