<?xml version="1.0" encoding="UTF-8"?>
<!-- Generated by org.testng.reporters.JUnitXMLReporter -->
<testsuite ignored="3" hostname="ACER" failures="0" tests="1" name="Test" time="3.811" errors="0" timestamp="2026-03-25T23:13:53 IST">
  <testcase classname="testscripts.LoginTest" name="verifyUserLoginWithInvalidUsernameValidPassword" time="1.045"/>
  <testcase classname="testscripts.LoginTest" name="verifyUserLoginWithValidCredentials" time="0.0">
    <ignored/>
  </testcase> <!-- verifyUserLoginWithValidCredentials -->
  <testcase classname="testscripts.LoginTest" name="verifyUserLoginWithInvalidCredentials" time="0.0">
    <ignored/>
  </testcase> <!-- verifyUserLoginWithInvalidCredentials -->
  <testcase classname="testscripts.LoginTest" name="verifyUserLoginWithValidUsernameInvalidPassword" time="0.0">
    <ignored/>
  </testcase> <!-- verifyUserLoginWithValidUsernameInvalidPassword -->
</testsuite> <!-- Test -->
