<?xml version="1.0" encoding="UTF-8"?>
<!-- Generated by org.testng.reporters.JUnitReportReporter -->
<testsuite hostname="ACER" failures="0" tests="3" name="testscripts.AdminUsersTest" time="12.573" errors="0" timestamp="2026-03-31T12:01:20 IST" skipped="0">
  <testcase classname="testscripts.AdminUsersTest" name="VerifyWhetherUserIsAbleToAddANewUser" time="4.954"/>
  <testcase classname="testscripts.AdminUsersTest" name="VerifyWhetherUserIsAbleToSearchForAUser" time="4.313"/>
  <testcase classname="testscripts.AdminUsersTest" name="VerifyWhetherUserIsAbleToResetTheData" time="3.306"/>
</testsuite> <!-- testscripts.AdminUsersTest -->
