<?xml version="1.0" encoding="UTF-8"?>
<!-- Generated by org.testng.reporters.JUnitReportReporter -->
<testsuite hostname="ACER" failures="0" tests="3" name="testscripts.ManageNewsTest" time="9.127" errors="0" timestamp="2026-03-27T10:54:46 IST" skipped="0">
  <testcase classname="testscripts.ManageNewsTest" name="VerifyWhetherUserIsAbleToAddANewNews" time="3.812"/>
  <testcase classname="testscripts.ManageNewsTest" name="VerifyWhetherUserIsAbleToSearchForANews" time="2.892"/>
  <testcase classname="testscripts.ManageNewsTest" name="VerifyWhetherUserIsAbleToResetTheData" time="2.423"/>
</testsuite> <!-- testscripts.ManageNewsTest -->
