<?xml version="1.0" encoding="UTF-8"?>
<!-- Generated by org.testng.reporters.JUnitReportReporter -->
<testsuite hostname="ACER" failures="0" tests="2" name="testscripts.LoginTest" time="11.708" errors="0" timestamp="2026-03-25T22:23:21 IST" skipped="0">
  <testcase classname="testscripts.LoginTest" name="verifyUserLoginWithValidCredentials" time="3.621"/>
  <testcase classname="testscripts.LoginTest" name="verifyUserLoginWithInvalidCredentials" time="8.087"/>
</testsuite> <!-- testscripts.LoginTest -->
