<?xml version="1.0" encoding="UTF-8"?>
<!-- Generated by org.testng.reporters.JUnitReportReporter -->
<testsuite hostname="ACER" failures="0" tests="3" name="testscripts.ManageNewsTest" time="10.360" errors="0" timestamp="2026-03-24T21:39:20 IST" skipped="0">
  <testcase classname="testscripts.ManageNewsTest" name="VerifyWhetherUserIsAbleToAddANewNews" time="4.197"/>
  <testcase classname="testscripts.ManageNewsTest" name="VerifyWhetherUserIsAbleToSearchForANews" time="3.345"/>
  <testcase classname="testscripts.ManageNewsTest" name="VerifyWhetherUserIsAbleToResetTheData" time="2.818"/>
</testsuite> <!-- testscripts.ManageNewsTest -->
