<?xml version="1.0" encoding="UTF-8"?>
<!-- Generated by org.testng.reporters.JUnitReportReporter -->
<testsuite hostname="ACER" failures="0" tests="3" name="testscripts.AdminUsersTest" time="11.249" errors="0" timestamp="2026-03-24T19:47:32 IST" skipped="0">
  <testcase classname="testscripts.AdminUsersTest" name="VerifyWhetherUserIsAbleToAddANewUser" time="4.483"/>
  <testcase classname="testscripts.AdminUsersTest" name="VerifyWhetherUserIsAbleToSearchForAUser" time="3.992"/>
  <testcase classname="testscripts.AdminUsersTest" name="VerifyWhetherUserIsAbleToResetTheData" time="2.774"/>
</testsuite> <!-- testscripts.AdminUsersTest -->
