<?xml version="1.0" encoding="UTF-8"?>
<!-- Generated by org.testng.reporters.JUnitXMLReporter -->
<testsuite ignored="3" hostname="ACER" failures="0" tests="1" name="Default test" time="1.974" errors="0" timestamp="2026-03-11T10:22:15 IST">
  <testcase classname="testscript.LoginTest" name="verifyUserLoginWithInvalidCredentials" time="0.311"/>
  <testcase classname="testscript.LoginTest" name="verifyUserLoginWithValidUsernameInvalidPassword" time="0.0">
    <ignored/>
  </testcase> <!-- verifyUserLoginWithValidUsernameInvalidPassword -->
  <testcase classname="testscript.LoginTest" name="verifyUserLoginWitInvalidUsernameValidPassword" time="0.0">
    <ignored/>
  </testcase> <!-- verifyUserLoginWitInvalidUsernameValidPassword -->
  <testcase classname="testscript.LoginTest" name="verifyUserLoginWithValidCredentials" time="0.0">
    <ignored/>
  </testcase> <!-- verifyUserLoginWithValidCredentials -->
</testsuite> <!-- Default test -->
