<?xml version="1.0" encoding="UTF-8"?>
<!-- Generated by org.testng.reporters.JUnitXMLReporter -->
<testsuite ignored="2" hostname="ACER" failures="0" tests="1" name="Default test" time="4.355" errors="0" timestamp="2026-03-24T21:38:38 IST">
  <testcase classname="testscripts.ManageNewsTest" name="VerifyWhetherUserIsAbleToSearchForANews" time="2.494"/>
  <testcase classname="testscripts.ManageNewsTest" name="VerifyWhetherUserIsAbleToResetTheData" time="0.0">
    <ignored/>
  </testcase> <!-- VerifyWhetherUserIsAbleToResetTheData -->
  <testcase classname="testscripts.ManageNewsTest" name="VerifyWhetherUserIsAbleToAddANewNews" time="0.0">
    <ignored/>
  </testcase> <!-- VerifyWhetherUserIsAbleToAddANewNews -->
</testsuite> <!-- Default test -->
